<?xml version="1.0" encoding="UTF-8"?>
<testsuite name="is.hr.TicTacToe.PlayerTest" tests="3" skipped="0" failures="0" errors="0" timestamp="2016-10-30T18:01:43" hostname="i-1217c9a8.cs1004cloud.internal" time="0.009">
  <properties/>
  <testcase name="addPlay" classname="is.hr.TicTacToe.PlayerTest" time="0.003"/>
  <testcase name="PlayerSymbol" classname="is.hr.TicTacToe.PlayerTest" time="0.0"/>
  <testcase name="PlayerMessage" classname="is.hr.TicTacToe.PlayerTest" time="0.0"/>
  <system-out><![CDATA[]]></system-out>
  <system-err><![CDATA[]]></system-err>
</testsuite>
