<?xml version="1.0" encoding="UTF-8"?>
<testsuite name="is.hr.TicTacToe.PlayerTest" tests="3" skipped="0" failures="0" errors="0" timestamp="2016-11-03T18:07:06" hostname="Alex-Lenovo" time="0.002">
  <properties/>
  <testcase name="addPlay" classname="is.hr.TicTacToe.PlayerTest" time="0.001"/>
  <testcase name="PlayerSymbol" classname="is.hr.TicTacToe.PlayerTest" time="0.0"/>
  <testcase name="PlayerMessage" classname="is.hr.TicTacToe.PlayerTest" time="0.0"/>
  <system-out><![CDATA[]]></system-out>
  <system-err><![CDATA[]]></system-err>
</testsuite>
